current directory: /root/BUILD/manageiq-gemset-16.1.0/gems/rugged-1.5.1/ext/rugged
/usr/bin/ruby -I /usr/share/rubygems -r ./siteconf20230912-934-jaf5dr.rb extconf.rb --with-ssh
checking for gmake... yes
checking for cmake... yes
checking for pkg-config... yes
-- The C compiler identification is GNU 8.5.0
-- Detecting C compiler ABI info
-- Detecting C compiler ABI info - done
-- Check for working C compiler: /bin/cc - skipped
-- Detecting C compile features
-- Detecting C compile features - done
-- Found PkgConfig: /bin/pkg-config (found version "1.4.2") 
-- Looking for pthread.h
-- Looking for pthread.h - found
-- Performing Test CMAKE_HAVE_LIBC_PTHREAD
-- Performing Test CMAKE_HAVE_LIBC_PTHREAD - Failed
-- Looking for pthread_create in pthreads
-- Looking for pthread_create in pthreads - not found
-- Looking for pthread_create in pthread
-- Looking for pthread_create in pthread - found
-- Found Threads: TRUE  
-- Performing Test HAVE_STRUCT_STAT_ST_MTIM
-- Performing Test HAVE_STRUCT_STAT_ST_MTIM - Success
-- Performing Test HAVE_STRUCT_STAT_ST_MTIMESPEC
-- Performing Test HAVE_STRUCT_STAT_ST_MTIMESPEC - Failed
-- Performing Test HAVE_STRUCT_STAT_MTIME_NSEC
-- Performing Test HAVE_STRUCT_STAT_MTIME_NSEC - Failed
-- Performing Test HAVE_STRUCT_STAT_NSEC
-- Performing Test HAVE_STRUCT_STAT_NSEC - Success
-- Looking for futimens
-- Looking for futimens - found
-- Performing Test IS_WALL_SUPPORTED
-- Performing Test IS_WALL_SUPPORTED - Success
-- Performing Test IS_WEXTRA_SUPPORTED
-- Performing Test IS_WEXTRA_SUPPORTED - Success
-- Performing Test IS_WDOCUMENTATION_SUPPORTED
-- Performing Test IS_WDOCUMENTATION_SUPPORTED - Failed
-- Performing Test IS_WNO_DOCUMENTATION_DEPRECATED_SYNC_SUPPORTED
-- Performing Test IS_WNO_DOCUMENTATION_DEPRECATED_SYNC_SUPPORTED - Success
-- Performing Test IS_WNO_MISSING_FIELD_INITIALIZERS_SUPPORTED
-- Performing Test IS_WNO_MISSING_FIELD_INITIALIZERS_SUPPORTED - Success
-- Performing Test IS_WMISSING_DECLARATIONS_SUPPORTED
-- Performing Test IS_WMISSING_DECLARATIONS_SUPPORTED - Success
-- Performing Test IS_WSTRICT_ALIASING_SUPPORTED
-- Performing Test IS_WSTRICT_ALIASING_SUPPORTED - Success
-- Performing Test IS_WSTRICT_PROTOTYPES_SUPPORTED
-- Performing Test IS_WSTRICT_PROTOTYPES_SUPPORTED - Success
-- Performing Test IS_WDECLARATION_AFTER_STATEMENT_SUPPORTED
-- Performing Test IS_WDECLARATION_AFTER_STATEMENT_SUPPORTED - Success
-- Performing Test IS_WSHIFT_COUNT_OVERFLOW_SUPPORTED
-- Performing Test IS_WSHIFT_COUNT_OVERFLOW_SUPPORTED - Success
-- Performing Test IS_WUNUSED_CONST_VARIABLE_SUPPORTED
-- Performing Test IS_WUNUSED_CONST_VARIABLE_SUPPORTED - Success
-- Performing Test IS_WUNUSED_FUNCTION_SUPPORTED
-- Performing Test IS_WUNUSED_FUNCTION_SUPPORTED - Success
-- Performing Test IS_WINT_CONVERSION_SUPPORTED
-- Performing Test IS_WINT_CONVERSION_SUPPORTED - Success
-- Performing Test IS_WC11_EXTENSIONS_SUPPORTED
-- Performing Test IS_WC11_EXTENSIONS_SUPPORTED - Failed
-- Performing Test IS_WC99_C11_COMPAT_SUPPORTED
-- Performing Test IS_WC99_C11_COMPAT_SUPPORTED - Success
-- Performing Test IS_WFORMAT_SUPPORTED
-- Performing Test IS_WFORMAT_SUPPORTED - Success
-- Performing Test IS_WFORMAT_SECURITY_SUPPORTED
-- Performing Test IS_WFORMAT_SECURITY_SUPPORTED - Success
-- Found GSSAPI: /usr/lib64/libgssapi_krb5.so;/usr/lib64/libkrb5.so;/usr/lib64/libk5crypto.so;/usr/lib64/libcom_err.so  
-- Found OpenSSL: /usr/lib64/libcrypto.so (found version "1.1.1k")  
-- http-parser version 2 was not found or disabled; using bundled 3rd-party sources.
-- Performing Test IS_WIMPLICIT_FALLTHROUGH_1_SUPPORTED
-- Performing Test IS_WIMPLICIT_FALLTHROUGH_1_SUPPORTED - Success
-- Could NOT find PCRE (missing: PCRE_LIBRARY PCRE_INCLUDE_DIR) 
-- Looking for dirent.h
-- Looking for dirent.h - found
-- Looking for stdint.h
-- Looking for stdint.h - found
-- Looking for inttypes.h
-- Looking for inttypes.h - found
-- Looking for sys/stat.h
-- Looking for sys/stat.h - found
-- Looking for sys/types.h
-- Looking for sys/types.h - found
-- Looking for unistd.h
-- Looking for unistd.h - found
-- Looking for windows.h
-- Looking for windows.h - not found
-- Looking for bcopy
-- Looking for bcopy - found
-- Looking for memmove
-- Looking for memmove - found
-- Looking for strerror
-- Looking for strerror - found
-- Looking for strtoll
-- Looking for strtoll - found
-- Looking for strtoq
-- Looking for strtoq - found
-- Looking for _strtoi64
-- Looking for _strtoi64 - not found
-- Looking for stddef.h
-- Looking for stddef.h - found
-- Check size of long long
-- Check size of long long - done
-- Check size of unsigned long long
-- Check size of unsigned long long - done
-- Performing Test IS_WNO_UNUSED_FUNCTION_SUPPORTED
-- Performing Test IS_WNO_UNUSED_FUNCTION_SUPPORTED - Success
-- Performing Test IS_WNO_IMPLICIT_FALLTHROUGH_SUPPORTED
-- Performing Test IS_WNO_IMPLICIT_FALLTHROUGH_SUPPORTED - Success
-- Checking for module 'libssh2'
--   Found libssh2, version 1.9.0
--   Resolved libraries: /usr/lib64/libssh2.so
-- Looking for libssh2_userauth_publickey_frommemory in /usr/lib64/libssh2.so
-- Looking for libssh2_userauth_publickey_frommemory in /usr/lib64/libssh2.so - found
-- Found ZLIB: /usr/lib64/libz.so (found version "1.2.11") 
-- Checking prototype qsort_r for GIT_QSORT_R_BSD
-- Checking prototype qsort_r for GIT_QSORT_R_BSD - False
-- Checking prototype qsort_r for GIT_QSORT_R_GNU
-- Checking prototype qsort_r for GIT_QSORT_R_GNU - True
-- Looking for qsort_s
-- Looking for qsort_s - not found
-- Looking for getentropy
-- Looking for getentropy - found
-- Looking for getloadavg
-- Looking for getloadavg - found
-- Looking for clock_gettime in rt
-- Looking for clock_gettime in rt - found
-- Enabled features:
 * nanoseconds, support nanosecond precision file mtimes and ctimes
 * HTTPS, using OpenSSL
 * SHA1, using CollisionDetection
 * SHA256, using OpenSSL
 * http-parser, http-parser support (bundled)
 * regex, using bundled PCRE
 * SSH, SSH transport support
 * zlib, using system zlib
 * futimens, futimens support
 * threadsafe, threadsafe support
 * ntlmclient, NTLM authentication support for Unix

-- Disabled features:
 * debugpool, debug pool allocator
 * debugalloc, debug strict allocators
 * debugopen, path validation in open
 * SPNEGO, SPNEGO authentication support
 * iconv, iconv encoding conversion support

-- Configuring done
-- Generating done
-- Build files have been written to: /root/BUILD/manageiq-gemset-16.1.0/gems/rugged-1.5.1/vendor/libgit2/build
 -- /bin/gmake
checking for -lgit2... yes
checking for git2.h... yes
creating Makefile

current directory: /root/BUILD/manageiq-gemset-16.1.0/gems/rugged-1.5.1/ext/rugged
make DESTDIR\= clean
rm -f 
rm -f rugged.so  *.o  *.bak mkmf.log .*.time

current directory: /root/BUILD/manageiq-gemset-16.1.0/gems/rugged-1.5.1/ext/rugged
make DESTDIR\=
gcc -I. -I/usr/include -I/usr/include/ruby/backward -I/usr/include -I. -DHAVE_GIT2_H -I/root/BUILD/manageiq-gemset-16.1.0/gems/rugged-1.5.1/ext/rugged/../../vendor/libgit2/include    -fPIC -O2 -g -pipe -Wall -Werror=format-security -Wp,-D_FORTIFY_SOURCE=2 -Wp,-D_GLIBCXX_ASSERTIONS -fexceptions -fstack-protector-strong -grecord-gcc-switches -specs=/usr/lib/rpm/redhat/redhat-hardened-cc1 -specs=/usr/lib/rpm/redhat/redhat-annobin-cc1 -mtune=generic -fasynchronous-unwind-tables -fstack-clash-protection -fcf-protection -fPIC  -g -Wall -Wno-comment -m64 -o rugged.o -c rugged.c
gcc -I. -I/usr/include -I/usr/include/ruby/backward -I/usr/include -I. -DHAVE_GIT2_H -I/root/BUILD/manageiq-gemset-16.1.0/gems/rugged-1.5.1/ext/rugged/../../vendor/libgit2/include    -fPIC -O2 -g -pipe -Wall -Werror=format-security -Wp,-D_FORTIFY_SOURCE=2 -Wp,-D_GLIBCXX_ASSERTIONS -fexceptions -fstack-protector-strong -grecord-gcc-switches -specs=/usr/lib/rpm/redhat/redhat-hardened-cc1 -specs=/usr/lib/rpm/redhat/redhat-annobin-cc1 -mtune=generic -fasynchronous-unwind-tables -fstack-clash-protection -fcf-protection -fPIC  -g -Wall -Wno-comment -m64 -o rugged_allocator.o -c rugged_allocator.c
gcc -I. -I/usr/include -I/usr/include/ruby/backward -I/usr/include -I. -DHAVE_GIT2_H -I/root/BUILD/manageiq-gemset-16.1.0/gems/rugged-1.5.1/ext/rugged/../../vendor/libgit2/include    -fPIC -O2 -g -pipe -Wall -Werror=format-security -Wp,-D_FORTIFY_SOURCE=2 -Wp,-D_GLIBCXX_ASSERTIONS -fexceptions -fstack-protector-strong -grecord-gcc-switches -specs=/usr/lib/rpm/redhat/redhat-hardened-cc1 -specs=/usr/lib/rpm/redhat/redhat-annobin-cc1 -mtune=generic -fasynchronous-unwind-tables -fstack-clash-protection -fcf-protection -fPIC  -g -Wall -Wno-comment -m64 -o rugged_backend.o -c rugged_backend.c
gcc -I. -I/usr/include -I/usr/include/ruby/backward -I/usr/include -I. -DHAVE_GIT2_H -I/root/BUILD/manageiq-gemset-16.1.0/gems/rugged-1.5.1/ext/rugged/../../vendor/libgit2/include    -fPIC -O2 -g -pipe -Wall -Werror=format-security -Wp,-D_FORTIFY_SOURCE=2 -Wp,-D_GLIBCXX_ASSERTIONS -fexceptions -fstack-protector-strong -grecord-gcc-switches -specs=/usr/lib/rpm/redhat/redhat-hardened-cc1 -specs=/usr/lib/rpm/redhat/redhat-annobin-cc1 -mtune=generic -fasynchronous-unwind-tables -fstack-clash-protection -fcf-protection -fPIC  -g -Wall -Wno-comment -m64 -o rugged_blame.o -c rugged_blame.c
gcc -I. -I/usr/include -I/usr/include/ruby/backward -I/usr/include -I. -DHAVE_GIT2_H -I/root/BUILD/manageiq-gemset-16.1.0/gems/rugged-1.5.1/ext/rugged/../../vendor/libgit2/include    -fPIC -O2 -g -pipe -Wall -Werror=format-security -Wp,-D_FORTIFY_SOURCE=2 -Wp,-D_GLIBCXX_ASSERTIONS -fexceptions -fstack-protector-strong -grecord-gcc-switches -specs=/usr/lib/rpm/redhat/redhat-hardened-cc1 -specs=/usr/lib/rpm/redhat/redhat-annobin-cc1 -mtune=generic -fasynchronous-unwind-tables -fstack-clash-protection -fcf-protection -fPIC  -g -Wall -Wno-comment -m64 -o rugged_blob.o -c rugged_blob.c
gcc -I. -I/usr/include -I/usr/include/ruby/backward -I/usr/include -I. -DHAVE_GIT2_H -I/root/BUILD/manageiq-gemset-16.1.0/gems/rugged-1.5.1/ext/rugged/../../vendor/libgit2/include    -fPIC -O2 -g -pipe -Wall -Werror=format-security -Wp,-D_FORTIFY_SOURCE=2 -Wp,-D_GLIBCXX_ASSERTIONS -fexceptions -fstack-protector-strong -grecord-gcc-switches -specs=/usr/lib/rpm/redhat/redhat-hardened-cc1 -specs=/usr/lib/rpm/redhat/redhat-annobin-cc1 -mtune=generic -fasynchronous-unwind-tables -fstack-clash-protection -fcf-protection -fPIC  -g -Wall -Wno-comment -m64 -o rugged_branch.o -c rugged_branch.c
gcc -I. -I/usr/include -I/usr/include/ruby/backward -I/usr/include -I. -DHAVE_GIT2_H -I/root/BUILD/manageiq-gemset-16.1.0/gems/rugged-1.5.1/ext/rugged/../../vendor/libgit2/include    -fPIC -O2 -g -pipe -Wall -Werror=format-security -Wp,-D_FORTIFY_SOURCE=2 -Wp,-D_GLIBCXX_ASSERTIONS -fexceptions -fstack-protector-strong -grecord-gcc-switches -specs=/usr/lib/rpm/redhat/redhat-hardened-cc1 -specs=/usr/lib/rpm/redhat/redhat-annobin-cc1 -mtune=generic -fasynchronous-unwind-tables -fstack-clash-protection -fcf-protection -fPIC  -g -Wall -Wno-comment -m64 -o rugged_branch_collection.o -c rugged_branch_collection.c
gcc -I. -I/usr/include -I/usr/include/ruby/backward -I/usr/include -I. -DHAVE_GIT2_H -I/root/BUILD/manageiq-gemset-16.1.0/gems/rugged-1.5.1/ext/rugged/../../vendor/libgit2/include    -fPIC -O2 -g -pipe -Wall -Werror=format-security -Wp,-D_FORTIFY_SOURCE=2 -Wp,-D_GLIBCXX_ASSERTIONS -fexceptions -fstack-protector-strong -grecord-gcc-switches -specs=/usr/lib/rpm/redhat/redhat-hardened-cc1 -specs=/usr/lib/rpm/redhat/redhat-annobin-cc1 -mtune=generic -fasynchronous-unwind-tables -fstack-clash-protection -fcf-protection -fPIC  -g -Wall -Wno-comment -m64 -o rugged_commit.o -c rugged_commit.c
gcc -I. -I/usr/include -I/usr/include/ruby/backward -I/usr/include -I. -DHAVE_GIT2_H -I/root/BUILD/manageiq-gemset-16.1.0/gems/rugged-1.5.1/ext/rugged/../../vendor/libgit2/include    -fPIC -O2 -g -pipe -Wall -Werror=format-security -Wp,-D_FORTIFY_SOURCE=2 -Wp,-D_GLIBCXX_ASSERTIONS -fexceptions -fstack-protector-strong -grecord-gcc-switches -specs=/usr/lib/rpm/redhat/redhat-hardened-cc1 -specs=/usr/lib/rpm/redhat/redhat-annobin-cc1 -mtune=generic -fasynchronous-unwind-tables -fstack-clash-protection -fcf-protection -fPIC  -g -Wall -Wno-comment -m64 -o rugged_config.o -c rugged_config.c
gcc -I. -I/usr/include -I/usr/include/ruby/backward -I/usr/include -I. -DHAVE_GIT2_H -I/root/BUILD/manageiq-gemset-16.1.0/gems/rugged-1.5.1/ext/rugged/../../vendor/libgit2/include    -fPIC -O2 -g -pipe -Wall -Werror=format-security -Wp,-D_FORTIFY_SOURCE=2 -Wp,-D_GLIBCXX_ASSERTIONS -fexceptions -fstack-protector-strong -grecord-gcc-switches -specs=/usr/lib/rpm/redhat/redhat-hardened-cc1 -specs=/usr/lib/rpm/redhat/redhat-annobin-cc1 -mtune=generic -fasynchronous-unwind-tables -fstack-clash-protection -fcf-protection -fPIC  -g -Wall -Wno-comment -m64 -o rugged_cred.o -c rugged_cred.c
gcc -I. -I/usr/include -I/usr/include/ruby/backward -I/usr/include -I. -DHAVE_GIT2_H -I/root/BUILD/manageiq-gemset-16.1.0/gems/rugged-1.5.1/ext/rugged/../../vendor/libgit2/include    -fPIC -O2 -g -pipe -Wall -Werror=format-security -Wp,-D_FORTIFY_SOURCE=2 -Wp,-D_GLIBCXX_ASSERTIONS -fexceptions -fstack-protector-strong -grecord-gcc-switches -specs=/usr/lib/rpm/redhat/redhat-hardened-cc1 -specs=/usr/lib/rpm/redhat/redhat-annobin-cc1 -mtune=generic -fasynchronous-unwind-tables -fstack-clash-protection -fcf-protection -fPIC  -g -Wall -Wno-comment -m64 -o rugged_diff.o -c rugged_diff.c
gcc -I. -I/usr/include -I/usr/include/ruby/backward -I/usr/include -I. -DHAVE_GIT2_H -I/root/BUILD/manageiq-gemset-16.1.0/gems/rugged-1.5.1/ext/rugged/../../vendor/libgit2/include    -fPIC -O2 -g -pipe -Wall -Werror=format-security -Wp,-D_FORTIFY_SOURCE=2 -Wp,-D_GLIBCXX_ASSERTIONS -fexceptions -fstack-protector-strong -grecord-gcc-switches -specs=/usr/lib/rpm/redhat/redhat-hardened-cc1 -specs=/usr/lib/rpm/redhat/redhat-annobin-cc1 -mtune=generic -fasynchronous-unwind-tables -fstack-clash-protection -fcf-protection -fPIC  -g -Wall -Wno-comment -m64 -o rugged_diff_delta.o -c rugged_diff_delta.c
gcc -I. -I/usr/include -I/usr/include/ruby/backward -I/usr/include -I. -DHAVE_GIT2_H -I/root/BUILD/manageiq-gemset-16.1.0/gems/rugged-1.5.1/ext/rugged/../../vendor/libgit2/include    -fPIC -O2 -g -pipe -Wall -Werror=format-security -Wp,-D_FORTIFY_SOURCE=2 -Wp,-D_GLIBCXX_ASSERTIONS -fexceptions -fstack-protector-strong -grecord-gcc-switches -specs=/usr/lib/rpm/redhat/redhat-hardened-cc1 -specs=/usr/lib/rpm/redhat/redhat-annobin-cc1 -mtune=generic -fasynchronous-unwind-tables -fstack-clash-protection -fcf-protection -fPIC  -g -Wall -Wno-comment -m64 -o rugged_diff_hunk.o -c rugged_diff_hunk.c
gcc -I. -I/usr/include -I/usr/include/ruby/backward -I/usr/include -I. -DHAVE_GIT2_H -I/root/BUILD/manageiq-gemset-16.1.0/gems/rugged-1.5.1/ext/rugged/../../vendor/libgit2/include    -fPIC -O2 -g -pipe -Wall -Werror=format-security -Wp,-D_FORTIFY_SOURCE=2 -Wp,-D_GLIBCXX_ASSERTIONS -fexceptions -fstack-protector-strong -grecord-gcc-switches -specs=/usr/lib/rpm/redhat/redhat-hardened-cc1 -specs=/usr/lib/rpm/redhat/redhat-annobin-cc1 -mtune=generic -fasynchronous-unwind-tables -fstack-clash-protection -fcf-protection -fPIC  -g -Wall -Wno-comment -m64 -o rugged_diff_line.o -c rugged_diff_line.c
gcc -I. -I/usr/include -I/usr/include/ruby/backward -I/usr/include -I. -DHAVE_GIT2_H -I/root/BUILD/manageiq-gemset-16.1.0/gems/rugged-1.5.1/ext/rugged/../../vendor/libgit2/include    -fPIC -O2 -g -pipe -Wall -Werror=format-security -Wp,-D_FORTIFY_SOURCE=2 -Wp,-D_GLIBCXX_ASSERTIONS -fexceptions -fstack-protector-strong -grecord-gcc-switches -specs=/usr/lib/rpm/redhat/redhat-hardened-cc1 -specs=/usr/lib/rpm/redhat/redhat-annobin-cc1 -mtune=generic -fasynchronous-unwind-tables -fstack-clash-protection -fcf-protection -fPIC  -g -Wall -Wno-comment -m64 -o rugged_index.o -c rugged_index.c
gcc -I. -I/usr/include -I/usr/include/ruby/backward -I/usr/include -I. -DHAVE_GIT2_H -I/root/BUILD/manageiq-gemset-16.1.0/gems/rugged-1.5.1/ext/rugged/../../vendor/libgit2/include    -fPIC -O2 -g -pipe -Wall -Werror=format-security -Wp,-D_FORTIFY_SOURCE=2 -Wp,-D_GLIBCXX_ASSERTIONS -fexceptions -fstack-protector-strong -grecord-gcc-switches -specs=/usr/lib/rpm/redhat/redhat-hardened-cc1 -specs=/usr/lib/rpm/redhat/redhat-annobin-cc1 -mtune=generic -fasynchronous-unwind-tables -fstack-clash-protection -fcf-protection -fPIC  -g -Wall -Wno-comment -m64 -o rugged_note.o -c rugged_note.c
gcc -I. -I/usr/include -I/usr/include/ruby/backward -I/usr/include -I. -DHAVE_GIT2_H -I/root/BUILD/manageiq-gemset-16.1.0/gems/rugged-1.5.1/ext/rugged/../../vendor/libgit2/include    -fPIC -O2 -g -pipe -Wall -Werror=format-security -Wp,-D_FORTIFY_SOURCE=2 -Wp,-D_GLIBCXX_ASSERTIONS -fexceptions -fstack-protector-strong -grecord-gcc-switches -specs=/usr/lib/rpm/redhat/redhat-hardened-cc1 -specs=/usr/lib/rpm/redhat/redhat-annobin-cc1 -mtune=generic -fasynchronous-unwind-tables -fstack-clash-protection -fcf-protection -fPIC  -g -Wall -Wno-comment -m64 -o rugged_object.o -c rugged_object.c
gcc -I. -I/usr/include -I/usr/include/ruby/backward -I/usr/include -I. -DHAVE_GIT2_H -I/root/BUILD/manageiq-gemset-16.1.0/gems/rugged-1.5.1/ext/rugged/../../vendor/libgit2/include    -fPIC -O2 -g -pipe -Wall -Werror=format-security -Wp,-D_FORTIFY_SOURCE=2 -Wp,-D_GLIBCXX_ASSERTIONS -fexceptions -fstack-protector-strong -grecord-gcc-switches -specs=/usr/lib/rpm/redhat/redhat-hardened-cc1 -specs=/usr/lib/rpm/redhat/redhat-annobin-cc1 -mtune=generic -fasynchronous-unwind-tables -fstack-clash-protection -fcf-protection -fPIC  -g -Wall -Wno-comment -m64 -o rugged_patch.o -c rugged_patch.c
gcc -I. -I/usr/include -I/usr/include/ruby/backward -I/usr/include -I. -DHAVE_GIT2_H -I/root/BUILD/manageiq-gemset-16.1.0/gems/rugged-1.5.1/ext/rugged/../../vendor/libgit2/include    -fPIC -O2 -g -pipe -Wall -Werror=format-security -Wp,-D_FORTIFY_SOURCE=2 -Wp,-D_GLIBCXX_ASSERTIONS -fexceptions -fstack-protector-strong -grecord-gcc-switches -specs=/usr/lib/rpm/redhat/redhat-hardened-cc1 -specs=/usr/lib/rpm/redhat/redhat-annobin-cc1 -mtune=generic -fasynchronous-unwind-tables -fstack-clash-protection -fcf-protection -fPIC  -g -Wall -Wno-comment -m64 -o rugged_rebase.o -c rugged_rebase.c
gcc -I. -I/usr/include -I/usr/include/ruby/backward -I/usr/include -I. -DHAVE_GIT2_H -I/root/BUILD/manageiq-gemset-16.1.0/gems/rugged-1.5.1/ext/rugged/../../vendor/libgit2/include    -fPIC -O2 -g -pipe -Wall -Werror=format-security -Wp,-D_FORTIFY_SOURCE=2 -Wp,-D_GLIBCXX_ASSERTIONS -fexceptions -fstack-protector-strong -grecord-gcc-switches -specs=/usr/lib/rpm/redhat/redhat-hardened-cc1 -specs=/usr/lib/rpm/redhat/redhat-annobin-cc1 -mtune=generic -fasynchronous-unwind-tables -fstack-clash-protection -fcf-protection -fPIC  -g -Wall -Wno-comment -m64 -o rugged_reference.o -c rugged_reference.c
gcc -I. -I/usr/include -I/usr/include/ruby/backward -I/usr/include -I. -DHAVE_GIT2_H -I/root/BUILD/manageiq-gemset-16.1.0/gems/rugged-1.5.1/ext/rugged/../../vendor/libgit2/include    -fPIC -O2 -g -pipe -Wall -Werror=format-security -Wp,-D_FORTIFY_SOURCE=2 -Wp,-D_GLIBCXX_ASSERTIONS -fexceptions -fstack-protector-strong -grecord-gcc-switches -specs=/usr/lib/rpm/redhat/redhat-hardened-cc1 -specs=/usr/lib/rpm/redhat/redhat-annobin-cc1 -mtune=generic -fasynchronous-unwind-tables -fstack-clash-protection -fcf-protection -fPIC  -g -Wall -Wno-comment -m64 -o rugged_reference_collection.o -c rugged_reference_collection.c
gcc -I. -I/usr/include -I/usr/include/ruby/backward -I/usr/include -I. -DHAVE_GIT2_H -I/root/BUILD/manageiq-gemset-16.1.0/gems/rugged-1.5.1/ext/rugged/../../vendor/libgit2/include    -fPIC -O2 -g -pipe -Wall -Werror=format-security -Wp,-D_FORTIFY_SOURCE=2 -Wp,-D_GLIBCXX_ASSERTIONS -fexceptions -fstack-protector-strong -grecord-gcc-switches -specs=/usr/lib/rpm/redhat/redhat-hardened-cc1 -specs=/usr/lib/rpm/redhat/redhat-annobin-cc1 -mtune=generic -fasynchronous-unwind-tables -fstack-clash-protection -fcf-protection -fPIC  -g -Wall -Wno-comment -m64 -o rugged_remote.o -c rugged_remote.c
gcc -I. -I/usr/include -I/usr/include/ruby/backward -I/usr/include -I. -DHAVE_GIT2_H -I/root/BUILD/manageiq-gemset-16.1.0/gems/rugged-1.5.1/ext/rugged/../../vendor/libgit2/include    -fPIC -O2 -g -pipe -Wall -Werror=format-security -Wp,-D_FORTIFY_SOURCE=2 -Wp,-D_GLIBCXX_ASSERTIONS -fexceptions -fstack-protector-strong -grecord-gcc-switches -specs=/usr/lib/rpm/redhat/redhat-hardened-cc1 -specs=/usr/lib/rpm/redhat/redhat-annobin-cc1 -mtune=generic -fasynchronous-unwind-tables -fstack-clash-protection -fcf-protection -fPIC  -g -Wall -Wno-comment -m64 -o rugged_remote_collection.o -c rugged_remote_collection.c
gcc -I. -I/usr/include -I/usr/include/ruby/backward -I/usr/include -I. -DHAVE_GIT2_H -I/root/BUILD/manageiq-gemset-16.1.0/gems/rugged-1.5.1/ext/rugged/../../vendor/libgit2/include    -fPIC -O2 -g -pipe -Wall -Werror=format-security -Wp,-D_FORTIFY_SOURCE=2 -Wp,-D_GLIBCXX_ASSERTIONS -fexceptions -fstack-protector-strong -grecord-gcc-switches -specs=/usr/lib/rpm/redhat/redhat-hardened-cc1 -specs=/usr/lib/rpm/redhat/redhat-annobin-cc1 -mtune=generic -fasynchronous-unwind-tables -fstack-clash-protection -fcf-protection -fPIC  -g -Wall -Wno-comment -m64 -o rugged_repo.o -c rugged_repo.c
gcc -I. -I/usr/include -I/usr/include/ruby/backward -I/usr/include -I. -DHAVE_GIT2_H -I/root/BUILD/manageiq-gemset-16.1.0/gems/rugged-1.5.1/ext/rugged/../../vendor/libgit2/include    -fPIC -O2 -g -pipe -Wall -Werror=format-security -Wp,-D_FORTIFY_SOURCE=2 -Wp,-D_GLIBCXX_ASSERTIONS -fexceptions -fstack-protector-strong -grecord-gcc-switches -specs=/usr/lib/rpm/redhat/redhat-hardened-cc1 -specs=/usr/lib/rpm/redhat/redhat-annobin-cc1 -mtune=generic -fasynchronous-unwind-tables -fstack-clash-protection -fcf-protection -fPIC  -g -Wall -Wno-comment -m64 -o rugged_revwalk.o -c rugged_revwalk.c
gcc -I. -I/usr/include -I/usr/include/ruby/backward -I/usr/include -I. -DHAVE_GIT2_H -I/root/BUILD/manageiq-gemset-16.1.0/gems/rugged-1.5.1/ext/rugged/../../vendor/libgit2/include    -fPIC -O2 -g -pipe -Wall -Werror=format-security -Wp,-D_FORTIFY_SOURCE=2 -Wp,-D_GLIBCXX_ASSERTIONS -fexceptions -fstack-protector-strong -grecord-gcc-switches -specs=/usr/lib/rpm/redhat/redhat-hardened-cc1 -specs=/usr/lib/rpm/redhat/redhat-annobin-cc1 -mtune=generic -fasynchronous-unwind-tables -fstack-clash-protection -fcf-protection -fPIC  -g -Wall -Wno-comment -m64 -o rugged_settings.o -c rugged_settings.c
gcc -I. -I/usr/include -I/usr/include/ruby/backward -I/usr/include -I. -DHAVE_GIT2_H -I/root/BUILD/manageiq-gemset-16.1.0/gems/rugged-1.5.1/ext/rugged/../../vendor/libgit2/include    -fPIC -O2 -g -pipe -Wall -Werror=format-security -Wp,-D_FORTIFY_SOURCE=2 -Wp,-D_GLIBCXX_ASSERTIONS -fexceptions -fstack-protector-strong -grecord-gcc-switches -specs=/usr/lib/rpm/redhat/redhat-hardened-cc1 -specs=/usr/lib/rpm/redhat/redhat-annobin-cc1 -mtune=generic -fasynchronous-unwind-tables -fstack-clash-protection -fcf-protection -fPIC  -g -Wall -Wno-comment -m64 -o rugged_signature.o -c rugged_signature.c
gcc -I. -I/usr/include -I/usr/include/ruby/backward -I/usr/include -I. -DHAVE_GIT2_H -I/root/BUILD/manageiq-gemset-16.1.0/gems/rugged-1.5.1/ext/rugged/../../vendor/libgit2/include    -fPIC -O2 -g -pipe -Wall -Werror=format-security -Wp,-D_FORTIFY_SOURCE=2 -Wp,-D_GLIBCXX_ASSERTIONS -fexceptions -fstack-protector-strong -grecord-gcc-switches -specs=/usr/lib/rpm/redhat/redhat-hardened-cc1 -specs=/usr/lib/rpm/redhat/redhat-annobin-cc1 -mtune=generic -fasynchronous-unwind-tables -fstack-clash-protection -fcf-protection -fPIC  -g -Wall -Wno-comment -m64 -o rugged_submodule.o -c rugged_submodule.c
gcc -I. -I/usr/include -I/usr/include/ruby/backward -I/usr/include -I. -DHAVE_GIT2_H -I/root/BUILD/manageiq-gemset-16.1.0/gems/rugged-1.5.1/ext/rugged/../../vendor/libgit2/include    -fPIC -O2 -g -pipe -Wall -Werror=format-security -Wp,-D_FORTIFY_SOURCE=2 -Wp,-D_GLIBCXX_ASSERTIONS -fexceptions -fstack-protector-strong -grecord-gcc-switches -specs=/usr/lib/rpm/redhat/redhat-hardened-cc1 -specs=/usr/lib/rpm/redhat/redhat-annobin-cc1 -mtune=generic -fasynchronous-unwind-tables -fstack-clash-protection -fcf-protection -fPIC  -g -Wall -Wno-comment -m64 -o rugged_submodule_collection.o -c rugged_submodule_collection.c
gcc -I. -I/usr/include -I/usr/include/ruby/backward -I/usr/include -I. -DHAVE_GIT2_H -I/root/BUILD/manageiq-gemset-16.1.0/gems/rugged-1.5.1/ext/rugged/../../vendor/libgit2/include    -fPIC -O2 -g -pipe -Wall -Werror=format-security -Wp,-D_FORTIFY_SOURCE=2 -Wp,-D_GLIBCXX_ASSERTIONS -fexceptions -fstack-protector-strong -grecord-gcc-switches -specs=/usr/lib/rpm/redhat/redhat-hardened-cc1 -specs=/usr/lib/rpm/redhat/redhat-annobin-cc1 -mtune=generic -fasynchronous-unwind-tables -fstack-clash-protection -fcf-protection -fPIC  -g -Wall -Wno-comment -m64 -o rugged_tag.o -c rugged_tag.c
gcc -I. -I/usr/include -I/usr/include/ruby/backward -I/usr/include -I. -DHAVE_GIT2_H -I/root/BUILD/manageiq-gemset-16.1.0/gems/rugged-1.5.1/ext/rugged/../../vendor/libgit2/include    -fPIC -O2 -g -pipe -Wall -Werror=format-security -Wp,-D_FORTIFY_SOURCE=2 -Wp,-D_GLIBCXX_ASSERTIONS -fexceptions -fstack-protector-strong -grecord-gcc-switches -specs=/usr/lib/rpm/redhat/redhat-hardened-cc1 -specs=/usr/lib/rpm/redhat/redhat-annobin-cc1 -mtune=generic -fasynchronous-unwind-tables -fstack-clash-protection -fcf-protection -fPIC  -g -Wall -Wno-comment -m64 -o rugged_tag_collection.o -c rugged_tag_collection.c
gcc -I. -I/usr/include -I/usr/include/ruby/backward -I/usr/include -I. -DHAVE_GIT2_H -I/root/BUILD/manageiq-gemset-16.1.0/gems/rugged-1.5.1/ext/rugged/../../vendor/libgit2/include    -fPIC -O2 -g -pipe -Wall -Werror=format-security -Wp,-D_FORTIFY_SOURCE=2 -Wp,-D_GLIBCXX_ASSERTIONS -fexceptions -fstack-protector-strong -grecord-gcc-switches -specs=/usr/lib/rpm/redhat/redhat-hardened-cc1 -specs=/usr/lib/rpm/redhat/redhat-annobin-cc1 -mtune=generic -fasynchronous-unwind-tables -fstack-clash-protection -fcf-protection -fPIC  -g -Wall -Wno-comment -m64 -o rugged_tree.o -c rugged_tree.c
rm -f rugged.so
gcc -shared -o rugged.so rugged.o rugged_allocator.o rugged_backend.o rugged_blame.o rugged_blob.o rugged_branch.o rugged_branch_collection.o rugged_commit.o rugged_config.o rugged_cred.o rugged_diff.o rugged_diff_delta.o rugged_diff_hunk.o rugged_diff_line.o rugged_index.o rugged_note.o rugged_object.o rugged_patch.o rugged_rebase.o rugged_reference.o rugged_reference_collection.o rugged_remote.o rugged_remote_collection.o rugged_repo.o rugged_revwalk.o rugged_settings.o rugged_signature.o rugged_submodule.o rugged_submodule_collection.o rugged_tag.o rugged_tag_collection.o rugged_tree.o -L/root/BUILD/manageiq-gemset-16.1.0/gems/rugged-1.5.1/ext/rugged/../../vendor/libgit2/build -L. -L/usr/lib64 -L. -Wl,-z,relro  -Wl,-z,now -specs=/usr/lib/rpm/redhat/redhat-hardened-ld -fstack-protector-strong -rdynamic -Wl,-export-dynamic -Wl,--no-as-needed -L/usr/local/lib64 -lgit2 -lssh2 -lrt -lpthread -lssl -lz -ldl -pthread -lcrypto -ldl -pthread -lz -Wl,-z,relro  -Wl,-z,now -specs=/usr/lib/rpm/redhat/redhat-hardened-ld  -m64  -lruby -lgit2  -lm   -lc

current directory: /root/BUILD/manageiq-gemset-16.1.0/gems/rugged-1.5.1/ext/rugged
make DESTDIR\= install
/usr/bin/mkdir -p . ./.gem.20230912-934-bvvrin/rugged
exit > .sitearchdir.-.rugged.time
/usr/bin/install -c -m 0755 rugged.so ./.gem.20230912-934-bvvrin/rugged
