find_executable: checking for gmake... -------------------- yes

--------------------

find_executable: checking for cmake... -------------------- yes

--------------------

find_executable: checking for pkg-config... -------------------- yes

--------------------

/bin/gmake
[  0%] Building C object deps/http-parser/CMakeFiles/http-parser.dir/http_parser.c.o
[  0%] Built target http-parser
[  0%] Building C object deps/pcre/CMakeFiles/pcre.dir/pcre_byte_order.c.o
[  1%] Building C object deps/pcre/CMakeFiles/pcre.dir/pcre_chartables.c.o
[  1%] Building C object deps/pcre/CMakeFiles/pcre.dir/pcre_compile.c.o
[  2%] Building C object deps/pcre/CMakeFiles/pcre.dir/pcre_config.c.o
[  2%] Building C object deps/pcre/CMakeFiles/pcre.dir/pcre_dfa_exec.c.o
[  3%] Building C object deps/pcre/CMakeFiles/pcre.dir/pcre_exec.c.o
[  3%] Building C object deps/pcre/CMakeFiles/pcre.dir/pcre_fullinfo.c.o
[  4%] Building C object deps/pcre/CMakeFiles/pcre.dir/pcre_get.c.o
[  4%] Building C object deps/pcre/CMakeFiles/pcre.dir/pcre_globals.c.o
[  5%] Building C object deps/pcre/CMakeFiles/pcre.dir/pcre_jit_compile.c.o
[  5%] Building C object deps/pcre/CMakeFiles/pcre.dir/pcre_maketables.c.o
[  6%] Building C object deps/pcre/CMakeFiles/pcre.dir/pcre_newline.c.o
[  6%] Building C object deps/pcre/CMakeFiles/pcre.dir/pcre_ord2utf8.c.o
[  7%] Building C object deps/pcre/CMakeFiles/pcre.dir/pcre_refcount.c.o
[  7%] Building C object deps/pcre/CMakeFiles/pcre.dir/pcre_string_utils.c.o
[  8%] Building C object deps/pcre/CMakeFiles/pcre.dir/pcre_study.c.o
[  8%] Building C object deps/pcre/CMakeFiles/pcre.dir/pcre_tables.c.o
[  9%] Building C object deps/pcre/CMakeFiles/pcre.dir/pcre_ucd.c.o
[  9%] Building C object deps/pcre/CMakeFiles/pcre.dir/pcre_valid_utf8.c.o
[ 10%] Building C object deps/pcre/CMakeFiles/pcre.dir/pcre_version.c.o
[ 10%] Building C object deps/pcre/CMakeFiles/pcre.dir/pcre_xclass.c.o
[ 11%] Building C object deps/pcre/CMakeFiles/pcre.dir/pcreposix.c.o
[ 11%] Built target pcre
[ 11%] Building C object deps/ntlmclient/CMakeFiles/ntlmclient.dir/ntlm.c.o
[ 12%] Building C object deps/ntlmclient/CMakeFiles/ntlmclient.dir/util.c.o
[ 12%] Building C object deps/ntlmclient/CMakeFiles/ntlmclient.dir/unicode_builtin.c.o
[ 13%] Building C object deps/ntlmclient/CMakeFiles/ntlmclient.dir/crypt_openssl.c.o
[ 13%] Built target ntlmclient
[ 13%] Building C object src/util/CMakeFiles/util.dir/alloc.c.o
[ 14%] Building C object src/util/CMakeFiles/util.dir/allocators/failalloc.c.o
[ 14%] Building C object src/util/CMakeFiles/util.dir/allocators/stdalloc.c.o
[ 15%] Building C object src/util/CMakeFiles/util.dir/allocators/win32_leakcheck.c.o
[ 15%] Building C object src/util/CMakeFiles/util.dir/date.c.o
[ 16%] Building C object src/util/CMakeFiles/util.dir/filebuf.c.o
[ 16%] Building C object src/util/CMakeFiles/util.dir/fs_path.c.o
/root/BUILD/manageiq-gemset-16.1.0/gems/rugged-1.5.1/vendor/libgit2/src/util/fs_path.c: In function 'git_fs_path_owner_is':
/root/BUILD/manageiq-gemset-16.1.0/gems/rugged-1.5.1/vendor/libgit2/src/util/fs_path.c:1990:38: warning: 'sudo_uid' may be used uninitialized in this function [-Wmaybe-uninitialized]
  if ((owner_type & GIT_FS_PATH_OWNER_RUNNING_SUDO) != 0 &&
      ~~~~~~~~~~~~~~~~~~~~~~~~~~~~~~~~~~~~~~~~~~~~~~~~~~~~~
      euid == 0 &&
      ~~~~~~~~~~~~                     
      sudo_uid_lookup(&sudo_uid) == 0 &&
      ~~~~~~~~~~~~~~~~~~~~~~~~~~~~~~~~^~
      st.st_uid == sudo_uid) {
      ~~~~~~~~~~~~~~~~~~~~~            
/root/BUILD/manageiq-gemset-16.1.0/gems/rugged-1.5.1/vendor/libgit2/src/util/fs_path.c: At top level:
cc1: warning: unrecognized command line option '-Wno-documentation-deprecated-sync'
[ 17%] Building C object src/util/CMakeFiles/util.dir/futils.c.o
[ 17%] Building C object src/util/CMakeFiles/util.dir/hash.c.o
[ 18%] Building C object src/util/CMakeFiles/util.dir/net.c.o
In file included from /root/BUILD/manageiq-gemset-16.1.0/gems/rugged-1.5.1/vendor/libgit2/src/util/util.h:385,
                 from /root/BUILD/manageiq-gemset-16.1.0/gems/rugged-1.5.1/vendor/libgit2/src/util/git2_util.h:166,
                 from /root/BUILD/manageiq-gemset-16.1.0/gems/rugged-1.5.1/vendor/libgit2/src/util/net.h:10,
                 from /root/BUILD/manageiq-gemset-16.1.0/gems/rugged-1.5.1/vendor/libgit2/src/util/net.c:8:
/root/BUILD/manageiq-gemset-16.1.0/gems/rugged-1.5.1/vendor/libgit2/src/util/net.c: In function 'git_net_url_parse_scp':
/root/BUILD/manageiq-gemset-16.1.0/gems/rugged-1.5.1/vendor/libgit2/src/util/alloc.h:18:47: warning: 'port' may be used uninitialized in this function [-Wmaybe-uninitialized]
 #define git__strndup(str, n)                  git__allocator.gstrndup(str, n, __FILE__, __LINE__)
                                               ^~~~~~~~~~~~~~
/root/BUILD/manageiq-gemset-16.1.0/gems/rugged-1.5.1/vendor/libgit2/src/util/net.c:263:32: note: 'port' was declared here
  const char *c, *user, *host, *port, *path = NULL;
                                ^~~~
/root/BUILD/manageiq-gemset-16.1.0/gems/rugged-1.5.1/vendor/libgit2/src/util/net.c: At top level:
cc1: warning: unrecognized command line option '-Wno-documentation-deprecated-sync'
[ 18%] Building C object src/util/CMakeFiles/util.dir/pool.c.o
[ 19%] Building C object src/util/CMakeFiles/util.dir/posix.c.o
[ 19%] Building C object src/util/CMakeFiles/util.dir/pqueue.c.o
[ 20%] Building C object src/util/CMakeFiles/util.dir/rand.c.o
[ 20%] Building C object src/util/CMakeFiles/util.dir/regexp.c.o
[ 21%] Building C object src/util/CMakeFiles/util.dir/runtime.c.o
[ 21%] Building C object src/util/CMakeFiles/util.dir/sortedcache.c.o
[ 22%] Building C object src/util/CMakeFiles/util.dir/str.c.o
[ 22%] Building C object src/util/CMakeFiles/util.dir/strmap.c.o
[ 23%] Building C object src/util/CMakeFiles/util.dir/thread.c.o
[ 23%] Building C object src/util/CMakeFiles/util.dir/tsort.c.o
[ 24%] Building C object src/util/CMakeFiles/util.dir/utf8.c.o
[ 24%] Building C object src/util/CMakeFiles/util.dir/util.c.o
[ 25%] Building C object src/util/CMakeFiles/util.dir/varint.c.o
[ 25%] Building C object src/util/CMakeFiles/util.dir/vector.c.o
[ 26%] Building C object src/util/CMakeFiles/util.dir/wildmatch.c.o
[ 26%] Building C object src/util/CMakeFiles/util.dir/zstream.c.o
[ 27%] Building C object src/util/CMakeFiles/util.dir/unix/map.c.o
[ 27%] Building C object src/util/CMakeFiles/util.dir/unix/realpath.c.o
[ 28%] Building C object src/util/CMakeFiles/util.dir/hash/collisiondetect.c.o
[ 28%] Building C object src/util/CMakeFiles/util.dir/hash/sha1dc/sha1.c.o
[ 29%] Building C object src/util/CMakeFiles/util.dir/hash/sha1dc/ubc_check.c.o
[ 30%] Building C object src/util/CMakeFiles/util.dir/hash/openssl.c.o
[ 30%] Built target util
[ 31%] Building C object src/libgit2/CMakeFiles/libgit2.dir/annotated_commit.c.o
[ 31%] Building C object src/libgit2/CMakeFiles/libgit2.dir/apply.c.o
[ 32%] Building C object src/libgit2/CMakeFiles/libgit2.dir/attr.c.o
[ 32%] Building C object src/libgit2/CMakeFiles/libgit2.dir/attr_file.c.o
[ 33%] Building C object src/libgit2/CMakeFiles/libgit2.dir/attrcache.c.o
[ 33%] Building C object src/libgit2/CMakeFiles/libgit2.dir/blame.c.o
[ 34%] Building C object src/libgit2/CMakeFiles/libgit2.dir/blame_git.c.o
[ 34%] Building C object src/libgit2/CMakeFiles/libgit2.dir/blob.c.o
[ 35%] Building C object src/libgit2/CMakeFiles/libgit2.dir/branch.c.o
[ 35%] Building C object src/libgit2/CMakeFiles/libgit2.dir/buf.c.o
[ 36%] Building C object src/libgit2/CMakeFiles/libgit2.dir/cache.c.o
[ 36%] Building C object src/libgit2/CMakeFiles/libgit2.dir/checkout.c.o
[ 37%] Building C object src/libgit2/CMakeFiles/libgit2.dir/cherrypick.c.o
[ 37%] Building C object src/libgit2/CMakeFiles/libgit2.dir/clone.c.o
[ 38%] Building C object src/libgit2/CMakeFiles/libgit2.dir/commit.c.o
[ 38%] Building C object src/libgit2/CMakeFiles/libgit2.dir/commit_graph.c.o
[ 39%] Building C object src/libgit2/CMakeFiles/libgit2.dir/commit_list.c.o
[ 39%] Building C object src/libgit2/CMakeFiles/libgit2.dir/config.c.o
[ 40%] Building C object src/libgit2/CMakeFiles/libgit2.dir/config_cache.c.o
[ 40%] Building C object src/libgit2/CMakeFiles/libgit2.dir/config_entries.c.o
[ 41%] Building C object src/libgit2/CMakeFiles/libgit2.dir/config_file.c.o
[ 41%] Building C object src/libgit2/CMakeFiles/libgit2.dir/config_mem.c.o
[ 42%] Building C object src/libgit2/CMakeFiles/libgit2.dir/config_parse.c.o
[ 42%] Building C object src/libgit2/CMakeFiles/libgit2.dir/config_snapshot.c.o
[ 43%] Building C object src/libgit2/CMakeFiles/libgit2.dir/crlf.c.o
[ 43%] Building C object src/libgit2/CMakeFiles/libgit2.dir/delta.c.o
[ 44%] Building C object src/libgit2/CMakeFiles/libgit2.dir/describe.c.o
[ 44%] Building C object src/libgit2/CMakeFiles/libgit2.dir/diff.c.o
[ 45%] Building C object src/libgit2/CMakeFiles/libgit2.dir/diff_driver.c.o
[ 45%] Building C object src/libgit2/CMakeFiles/libgit2.dir/diff_file.c.o
[ 46%] Building C object src/libgit2/CMakeFiles/libgit2.dir/diff_generate.c.o
[ 46%] Building C object src/libgit2/CMakeFiles/libgit2.dir/diff_parse.c.o
[ 47%] Building C object src/libgit2/CMakeFiles/libgit2.dir/diff_print.c.o
[ 47%] Building C object src/libgit2/CMakeFiles/libgit2.dir/diff_stats.c.o
[ 48%] Building C object src/libgit2/CMakeFiles/libgit2.dir/diff_tform.c.o
[ 48%] Building C object src/libgit2/CMakeFiles/libgit2.dir/diff_xdiff.c.o
[ 49%] Building C object src/libgit2/CMakeFiles/libgit2.dir/email.c.o
[ 49%] Building C object src/libgit2/CMakeFiles/libgit2.dir/errors.c.o
[ 50%] Building C object src/libgit2/CMakeFiles/libgit2.dir/fetch.c.o
[ 50%] Building C object src/libgit2/CMakeFiles/libgit2.dir/fetchhead.c.o
[ 51%] Building C object src/libgit2/CMakeFiles/libgit2.dir/filter.c.o
[ 51%] Building C object src/libgit2/CMakeFiles/libgit2.dir/graph.c.o
[ 52%] Building C object src/libgit2/CMakeFiles/libgit2.dir/hashsig.c.o
[ 52%] Building C object src/libgit2/CMakeFiles/libgit2.dir/ident.c.o
[ 53%] Building C object src/libgit2/CMakeFiles/libgit2.dir/idxmap.c.o
[ 53%] Building C object src/libgit2/CMakeFiles/libgit2.dir/ignore.c.o
[ 54%] Building C object src/libgit2/CMakeFiles/libgit2.dir/index.c.o
[ 54%] Building C object src/libgit2/CMakeFiles/libgit2.dir/indexer.c.o
[ 55%] Building C object src/libgit2/CMakeFiles/libgit2.dir/iterator.c.o
[ 55%] Building C object src/libgit2/CMakeFiles/libgit2.dir/libgit2.c.o
[ 56%] Building C object src/libgit2/CMakeFiles/libgit2.dir/mailmap.c.o
[ 56%] Building C object src/libgit2/CMakeFiles/libgit2.dir/merge.c.o
[ 57%] Building C object src/libgit2/CMakeFiles/libgit2.dir/merge_driver.c.o
[ 57%] Building C object src/libgit2/CMakeFiles/libgit2.dir/merge_file.c.o
[ 58%] Building C object src/libgit2/CMakeFiles/libgit2.dir/message.c.o
[ 58%] Building C object src/libgit2/CMakeFiles/libgit2.dir/midx.c.o
[ 59%] Building C object src/libgit2/CMakeFiles/libgit2.dir/mwindow.c.o
[ 59%] Building C object src/libgit2/CMakeFiles/libgit2.dir/netops.c.o
[ 60%] Building C object src/libgit2/CMakeFiles/libgit2.dir/notes.c.o
[ 60%] Building C object src/libgit2/CMakeFiles/libgit2.dir/object.c.o
[ 61%] Building C object src/libgit2/CMakeFiles/libgit2.dir/object_api.c.o
[ 61%] Building C object src/libgit2/CMakeFiles/libgit2.dir/odb.c.o
[ 62%] Building C object src/libgit2/CMakeFiles/libgit2.dir/odb_loose.c.o
[ 62%] Building C object src/libgit2/CMakeFiles/libgit2.dir/odb_mempack.c.o
[ 63%] Building C object src/libgit2/CMakeFiles/libgit2.dir/odb_pack.c.o
[ 64%] Building C object src/libgit2/CMakeFiles/libgit2.dir/offmap.c.o
[ 64%] Building C object src/libgit2/CMakeFiles/libgit2.dir/oid.c.o
[ 65%] Building C object src/libgit2/CMakeFiles/libgit2.dir/oidarray.c.o
[ 65%] Building C object src/libgit2/CMakeFiles/libgit2.dir/oidmap.c.o
[ 66%] Building C object src/libgit2/CMakeFiles/libgit2.dir/pack-objects.c.o
[ 66%] Building C object src/libgit2/CMakeFiles/libgit2.dir/pack.c.o
[ 67%] Building C object src/libgit2/CMakeFiles/libgit2.dir/parse.c.o
[ 67%] Building C object src/libgit2/CMakeFiles/libgit2.dir/patch.c.o
[ 68%] Building C object src/libgit2/CMakeFiles/libgit2.dir/patch_generate.c.o
[ 68%] Building C object src/libgit2/CMakeFiles/libgit2.dir/patch_parse.c.o
[ 69%] Building C object src/libgit2/CMakeFiles/libgit2.dir/path.c.o
[ 69%] Building C object src/libgit2/CMakeFiles/libgit2.dir/pathspec.c.o
[ 70%] Building C object src/libgit2/CMakeFiles/libgit2.dir/proxy.c.o
[ 70%] Building C object src/libgit2/CMakeFiles/libgit2.dir/push.c.o
[ 71%] Building C object src/libgit2/CMakeFiles/libgit2.dir/reader.c.o
[ 71%] Building C object src/libgit2/CMakeFiles/libgit2.dir/rebase.c.o
[ 72%] Building C object src/libgit2/CMakeFiles/libgit2.dir/refdb.c.o
[ 72%] Building C object src/libgit2/CMakeFiles/libgit2.dir/refdb_fs.c.o
[ 73%] Building C object src/libgit2/CMakeFiles/libgit2.dir/reflog.c.o
[ 73%] Building C object src/libgit2/CMakeFiles/libgit2.dir/refs.c.o
[ 74%] Building C object src/libgit2/CMakeFiles/libgit2.dir/refspec.c.o
[ 74%] Building C object src/libgit2/CMakeFiles/libgit2.dir/remote.c.o
[ 75%] Building C object src/libgit2/CMakeFiles/libgit2.dir/repository.c.o
[ 75%] Building C object src/libgit2/CMakeFiles/libgit2.dir/reset.c.o
[ 76%] Building C object src/libgit2/CMakeFiles/libgit2.dir/revert.c.o
[ 76%] Building C object src/libgit2/CMakeFiles/libgit2.dir/revparse.c.o
[ 77%] Building C object src/libgit2/CMakeFiles/libgit2.dir/revwalk.c.o
[ 77%] Building C object src/libgit2/CMakeFiles/libgit2.dir/signature.c.o
[ 78%] Building C object src/libgit2/CMakeFiles/libgit2.dir/stash.c.o
[ 78%] Building C object src/libgit2/CMakeFiles/libgit2.dir/status.c.o
[ 79%] Building C object src/libgit2/CMakeFiles/libgit2.dir/strarray.c.o
[ 79%] Building C object src/libgit2/CMakeFiles/libgit2.dir/streams/mbedtls.c.o
[ 80%] Building C object src/libgit2/CMakeFiles/libgit2.dir/streams/openssl.c.o
[ 80%] Building C object src/libgit2/CMakeFiles/libgit2.dir/streams/openssl_dynamic.c.o
[ 81%] Building C object src/libgit2/CMakeFiles/libgit2.dir/streams/openssl_legacy.c.o
[ 81%] Building C object src/libgit2/CMakeFiles/libgit2.dir/streams/registry.c.o
[ 82%] Building C object src/libgit2/CMakeFiles/libgit2.dir/streams/socket.c.o
[ 82%] Building C object src/libgit2/CMakeFiles/libgit2.dir/streams/stransport.c.o
[ 83%] Building C object src/libgit2/CMakeFiles/libgit2.dir/streams/tls.c.o
[ 83%] Building C object src/libgit2/CMakeFiles/libgit2.dir/submodule.c.o
[ 84%] Building C object src/libgit2/CMakeFiles/libgit2.dir/sysdir.c.o
[ 84%] Building C object src/libgit2/CMakeFiles/libgit2.dir/tag.c.o
[ 85%] Building C object src/libgit2/CMakeFiles/libgit2.dir/threadstate.c.o
[ 85%] Building C object src/libgit2/CMakeFiles/libgit2.dir/trace.c.o
[ 86%] Building C object src/libgit2/CMakeFiles/libgit2.dir/trailer.c.o
[ 86%] Building C object src/libgit2/CMakeFiles/libgit2.dir/transaction.c.o
[ 87%] Building C object src/libgit2/CMakeFiles/libgit2.dir/transport.c.o
[ 87%] Building C object src/libgit2/CMakeFiles/libgit2.dir/transports/auth.c.o
[ 88%] Building C object src/libgit2/CMakeFiles/libgit2.dir/transports/auth_negotiate.c.o
[ 88%] Building C object src/libgit2/CMakeFiles/libgit2.dir/transports/auth_ntlm.c.o
[ 89%] Building C object src/libgit2/CMakeFiles/libgit2.dir/transports/credential.c.o
[ 89%] Building C object src/libgit2/CMakeFiles/libgit2.dir/transports/credential_helpers.c.o
[ 90%] Building C object src/libgit2/CMakeFiles/libgit2.dir/transports/git.c.o
[ 90%] Building C object src/libgit2/CMakeFiles/libgit2.dir/transports/http.c.o
[ 91%] Building C object src/libgit2/CMakeFiles/libgit2.dir/transports/httpclient.c.o
[ 91%] Building C object src/libgit2/CMakeFiles/libgit2.dir/transports/local.c.o
[ 92%] Building C object src/libgit2/CMakeFiles/libgit2.dir/transports/smart.c.o
[ 92%] Building C object src/libgit2/CMakeFiles/libgit2.dir/transports/smart_pkt.c.o
[ 93%] Building C object src/libgit2/CMakeFiles/libgit2.dir/transports/smart_protocol.c.o
[ 93%] Building C object src/libgit2/CMakeFiles/libgit2.dir/transports/ssh.c.o
[ 94%] Building C object src/libgit2/CMakeFiles/libgit2.dir/transports/winhttp.c.o
[ 94%] Building C object src/libgit2/CMakeFiles/libgit2.dir/tree-cache.c.o
[ 95%] Building C object src/libgit2/CMakeFiles/libgit2.dir/tree.c.o
[ 95%] Building C object src/libgit2/CMakeFiles/libgit2.dir/worktree.c.o
[ 96%] Building C object src/libgit2/CMakeFiles/libgit2.dir/xdiff/xdiffi.c.o
[ 97%] Building C object src/libgit2/CMakeFiles/libgit2.dir/xdiff/xemit.c.o
[ 97%] Building C object src/libgit2/CMakeFiles/libgit2.dir/xdiff/xhistogram.c.o
[ 98%] Building C object src/libgit2/CMakeFiles/libgit2.dir/xdiff/xmerge.c.o
[ 98%] Building C object src/libgit2/CMakeFiles/libgit2.dir/xdiff/xpatience.c.o
[ 99%] Building C object src/libgit2/CMakeFiles/libgit2.dir/xdiff/xprepare.c.o
[ 99%] Building C object src/libgit2/CMakeFiles/libgit2.dir/xdiff/xutils.c.o
[ 99%] Built target libgit2
[100%] Linking C static library ../../libgit2.a
[100%] Built target libgit2package
have_library: checking for -lgit2... -------------------- yes

"gcc -o conftest -I/usr/include -I/usr/include/ruby/backward -I/usr/include -I. -I/root/BUILD/manageiq-gemset-16.1.0/gems/rugged-1.5.1/ext/rugged/../../vendor/libgit2/include    -O2 -g -pipe -Wall -Werror=format-security -Wp,-D_FORTIFY_SOURCE=2 -Wp,-D_GLIBCXX_ASSERTIONS -fexceptions -fstack-protector-strong -grecord-gcc-switches -specs=/usr/lib/rpm/redhat/redhat-hardened-cc1 -specs=/usr/lib/rpm/redhat/redhat-annobin-cc1 -mtune=generic -fasynchronous-unwind-tables -fstack-clash-protection -fcf-protection -fPIC  -g -Wall -Wno-comment conftest.c  -L/root/BUILD/manageiq-gemset-16.1.0/gems/rugged-1.5.1/ext/rugged/../../vendor/libgit2/build -L. -L/usr/lib64 -L. -Wl,-z,relro  -Wl,-z,now -specs=/usr/lib/rpm/redhat/redhat-hardened-ld -fstack-protector-strong -rdynamic -Wl,-export-dynamic -Wl,--no-as-needed -L/usr/local/lib64 -lgit2 -lssh2 -lrt -lpthread -lssl -lz -ldl -pthread -lcrypto -ldl -pthread -lz  -m64   -lruby  -lm   -lc"
checked program was:
/* begin */
1: #include "ruby.h"
2: 
3: int main(int argc, char **argv)
4: {
5:   return !!argv[argc];
6: }
/* end */

"gcc -o conftest -I/usr/include -I/usr/include/ruby/backward -I/usr/include -I. -I/root/BUILD/manageiq-gemset-16.1.0/gems/rugged-1.5.1/ext/rugged/../../vendor/libgit2/include    -O2 -g -pipe -Wall -Werror=format-security -Wp,-D_FORTIFY_SOURCE=2 -Wp,-D_GLIBCXX_ASSERTIONS -fexceptions -fstack-protector-strong -grecord-gcc-switches -specs=/usr/lib/rpm/redhat/redhat-hardened-cc1 -specs=/usr/lib/rpm/redhat/redhat-annobin-cc1 -mtune=generic -fasynchronous-unwind-tables -fstack-clash-protection -fcf-protection -fPIC  -g -Wall -Wno-comment conftest.c  -L/root/BUILD/manageiq-gemset-16.1.0/gems/rugged-1.5.1/ext/rugged/../../vendor/libgit2/build -L. -L/usr/lib64 -L. -Wl,-z,relro  -Wl,-z,now -specs=/usr/lib/rpm/redhat/redhat-hardened-ld -fstack-protector-strong -rdynamic -Wl,-export-dynamic -Wl,--no-as-needed -L/usr/local/lib64 -lgit2 -lssh2 -lrt -lpthread -lssl -lz -ldl -pthread -lcrypto -ldl -pthread -lz  -m64   -lruby -lgit2  -lm   -lc"
checked program was:
/* begin */
 1: #include "ruby.h"
 2: 
 3: /*top*/
 4: extern int t(void);
 5: int main(int argc, char **argv)
 6: {
 7:   if (argc > 1000000) {
 8:     int (* volatile tp)(void)=(int (*)(void))&t;
 9:     printf("%d", (*tp)());
10:   }
11: 
12:   return !!argv[argc];
13: }
14: 
15: int t(void) { ; return 0; }
/* end */

--------------------

have_header: checking for git2.h... -------------------- yes

"gcc -E -I/usr/include -I/usr/include/ruby/backward -I/usr/include -I. -I/root/BUILD/manageiq-gemset-16.1.0/gems/rugged-1.5.1/ext/rugged/../../vendor/libgit2/include    -O2 -g -pipe -Wall -Werror=format-security -Wp,-D_FORTIFY_SOURCE=2 -Wp,-D_GLIBCXX_ASSERTIONS -fexceptions -fstack-protector-strong -grecord-gcc-switches -specs=/usr/lib/rpm/redhat/redhat-hardened-cc1 -specs=/usr/lib/rpm/redhat/redhat-annobin-cc1 -mtune=generic -fasynchronous-unwind-tables -fstack-clash-protection -fcf-protection -fPIC  -g -Wall -Wno-comment  conftest.c -o conftest.i"
checked program was:
/* begin */
1: #include "ruby.h"
2: 
3: #include <git2.h>
/* end */

--------------------

