current directory: /root/BUILD/manageiq-gemset-16.1.0/gems/pg-1.5.3/ext
/usr/bin/ruby -I /usr/share/rubygems -r ./siteconf20230912-934-dj5f88.rb extconf.rb
Calling libpq with GVL unlocked
checking for pg_config... yes
Using config values from /bin/pg_config
checking for whether -Wl,-rpath,/usr/lib64 is accepted as LDFLAGS... yes
Using libpq from /usr/lib64
checking for libpq-fe.h... yes
checking for libpq/libpq-fs.h... yes
checking for pg_config_manual.h... yes
checking for PQconnectdb() in -lpq... yes
checking for PQconninfo() in libpq-fe.h... yes
checking for PQsslAttribute() in libpq-fe.h... yes
checking for PQresultVerboseErrorMessage() in libpq-fe.h... yes
checking for PQencryptPasswordConn() in libpq-fe.h... yes
checking for PQresultMemorySize() in libpq-fe.h... yes
checking for PQenterPipelineMode() in libpq-fe.h... no
checking for timegm()... yes
checking for rb_gc_adjust_memory_usage()... yes
checking for rb_gc_mark_movable()... yes
checking for rb_io_wait()... yes
checking for unistd.h... yes
checking for inttypes.h... yes
checking for C99 variable length arrays... yes
creating extconf.h
creating Makefile

current directory: /root/BUILD/manageiq-gemset-16.1.0/gems/pg-1.5.3/ext
make DESTDIR\= clean
rm -f 
rm -f pg_ext.so  *.o  *.bak mkmf.log .*.time

current directory: /root/BUILD/manageiq-gemset-16.1.0/gems/pg-1.5.3/ext
make DESTDIR\=
gcc -I. -I/usr/include -I/usr/include/ruby/backward -I/usr/include -I. -DRUBY_EXTCONF_H=\"extconf.h\" -I/usr/include    -fPIC -O2 -g -pipe -Wall -Werror=format-security -Wp,-D_FORTIFY_SOURCE=2 -Wp,-D_GLIBCXX_ASSERTIONS -fexceptions -fstack-protector-strong -grecord-gcc-switches -specs=/usr/lib/rpm/redhat/redhat-hardened-cc1 -specs=/usr/lib/rpm/redhat/redhat-annobin-cc1 -mtune=generic -fasynchronous-unwind-tables -fstack-clash-protection -fcf-protection -fPIC -m64 -o gvl_wrappers.o -c gvl_wrappers.c
gcc -I. -I/usr/include -I/usr/include/ruby/backward -I/usr/include -I. -DRUBY_EXTCONF_H=\"extconf.h\" -I/usr/include    -fPIC -O2 -g -pipe -Wall -Werror=format-security -Wp,-D_FORTIFY_SOURCE=2 -Wp,-D_GLIBCXX_ASSERTIONS -fexceptions -fstack-protector-strong -grecord-gcc-switches -specs=/usr/lib/rpm/redhat/redhat-hardened-cc1 -specs=/usr/lib/rpm/redhat/redhat-annobin-cc1 -mtune=generic -fasynchronous-unwind-tables -fstack-clash-protection -fcf-protection -fPIC -m64 -o pg.o -c pg.c
gcc -I. -I/usr/include -I/usr/include/ruby/backward -I/usr/include -I. -DRUBY_EXTCONF_H=\"extconf.h\" -I/usr/include    -fPIC -O2 -g -pipe -Wall -Werror=format-security -Wp,-D_FORTIFY_SOURCE=2 -Wp,-D_GLIBCXX_ASSERTIONS -fexceptions -fstack-protector-strong -grecord-gcc-switches -specs=/usr/lib/rpm/redhat/redhat-hardened-cc1 -specs=/usr/lib/rpm/redhat/redhat-annobin-cc1 -mtune=generic -fasynchronous-unwind-tables -fstack-clash-protection -fcf-protection -fPIC -m64 -o pg_binary_decoder.o -c pg_binary_decoder.c
gcc -I. -I/usr/include -I/usr/include/ruby/backward -I/usr/include -I. -DRUBY_EXTCONF_H=\"extconf.h\" -I/usr/include    -fPIC -O2 -g -pipe -Wall -Werror=format-security -Wp,-D_FORTIFY_SOURCE=2 -Wp,-D_GLIBCXX_ASSERTIONS -fexceptions -fstack-protector-strong -grecord-gcc-switches -specs=/usr/lib/rpm/redhat/redhat-hardened-cc1 -specs=/usr/lib/rpm/redhat/redhat-annobin-cc1 -mtune=generic -fasynchronous-unwind-tables -fstack-clash-protection -fcf-protection -fPIC -m64 -o pg_binary_encoder.o -c pg_binary_encoder.c
gcc -I. -I/usr/include -I/usr/include/ruby/backward -I/usr/include -I. -DRUBY_EXTCONF_H=\"extconf.h\" -I/usr/include    -fPIC -O2 -g -pipe -Wall -Werror=format-security -Wp,-D_FORTIFY_SOURCE=2 -Wp,-D_GLIBCXX_ASSERTIONS -fexceptions -fstack-protector-strong -grecord-gcc-switches -specs=/usr/lib/rpm/redhat/redhat-hardened-cc1 -specs=/usr/lib/rpm/redhat/redhat-annobin-cc1 -mtune=generic -fasynchronous-unwind-tables -fstack-clash-protection -fcf-protection -fPIC -m64 -o pg_coder.o -c pg_coder.c
gcc -I. -I/usr/include -I/usr/include/ruby/backward -I/usr/include -I. -DRUBY_EXTCONF_H=\"extconf.h\" -I/usr/include    -fPIC -O2 -g -pipe -Wall -Werror=format-security -Wp,-D_FORTIFY_SOURCE=2 -Wp,-D_GLIBCXX_ASSERTIONS -fexceptions -fstack-protector-strong -grecord-gcc-switches -specs=/usr/lib/rpm/redhat/redhat-hardened-cc1 -specs=/usr/lib/rpm/redhat/redhat-annobin-cc1 -mtune=generic -fasynchronous-unwind-tables -fstack-clash-protection -fcf-protection -fPIC -m64 -o pg_connection.o -c pg_connection.c
gcc -I. -I/usr/include -I/usr/include/ruby/backward -I/usr/include -I. -DRUBY_EXTCONF_H=\"extconf.h\" -I/usr/include    -fPIC -O2 -g -pipe -Wall -Werror=format-security -Wp,-D_FORTIFY_SOURCE=2 -Wp,-D_GLIBCXX_ASSERTIONS -fexceptions -fstack-protector-strong -grecord-gcc-switches -specs=/usr/lib/rpm/redhat/redhat-hardened-cc1 -specs=/usr/lib/rpm/redhat/redhat-annobin-cc1 -mtune=generic -fasynchronous-unwind-tables -fstack-clash-protection -fcf-protection -fPIC -m64 -o pg_copy_coder.o -c pg_copy_coder.c
gcc -I. -I/usr/include -I/usr/include/ruby/backward -I/usr/include -I. -DRUBY_EXTCONF_H=\"extconf.h\" -I/usr/include    -fPIC -O2 -g -pipe -Wall -Werror=format-security -Wp,-D_FORTIFY_SOURCE=2 -Wp,-D_GLIBCXX_ASSERTIONS -fexceptions -fstack-protector-strong -grecord-gcc-switches -specs=/usr/lib/rpm/redhat/redhat-hardened-cc1 -specs=/usr/lib/rpm/redhat/redhat-annobin-cc1 -mtune=generic -fasynchronous-unwind-tables -fstack-clash-protection -fcf-protection -fPIC -m64 -o pg_errors.o -c pg_errors.c
gcc -I. -I/usr/include -I/usr/include/ruby/backward -I/usr/include -I. -DRUBY_EXTCONF_H=\"extconf.h\" -I/usr/include    -fPIC -O2 -g -pipe -Wall -Werror=format-security -Wp,-D_FORTIFY_SOURCE=2 -Wp,-D_GLIBCXX_ASSERTIONS -fexceptions -fstack-protector-strong -grecord-gcc-switches -specs=/usr/lib/rpm/redhat/redhat-hardened-cc1 -specs=/usr/lib/rpm/redhat/redhat-annobin-cc1 -mtune=generic -fasynchronous-unwind-tables -fstack-clash-protection -fcf-protection -fPIC -m64 -o pg_record_coder.o -c pg_record_coder.c
gcc -I. -I/usr/include -I/usr/include/ruby/backward -I/usr/include -I. -DRUBY_EXTCONF_H=\"extconf.h\" -I/usr/include    -fPIC -O2 -g -pipe -Wall -Werror=format-security -Wp,-D_FORTIFY_SOURCE=2 -Wp,-D_GLIBCXX_ASSERTIONS -fexceptions -fstack-protector-strong -grecord-gcc-switches -specs=/usr/lib/rpm/redhat/redhat-hardened-cc1 -specs=/usr/lib/rpm/redhat/redhat-annobin-cc1 -mtune=generic -fasynchronous-unwind-tables -fstack-clash-protection -fcf-protection -fPIC -m64 -o pg_result.o -c pg_result.c
gcc -I. -I/usr/include -I/usr/include/ruby/backward -I/usr/include -I. -DRUBY_EXTCONF_H=\"extconf.h\" -I/usr/include    -fPIC -O2 -g -pipe -Wall -Werror=format-security -Wp,-D_FORTIFY_SOURCE=2 -Wp,-D_GLIBCXX_ASSERTIONS -fexceptions -fstack-protector-strong -grecord-gcc-switches -specs=/usr/lib/rpm/redhat/redhat-hardened-cc1 -specs=/usr/lib/rpm/redhat/redhat-annobin-cc1 -mtune=generic -fasynchronous-unwind-tables -fstack-clash-protection -fcf-protection -fPIC -m64 -o pg_text_decoder.o -c pg_text_decoder.c
gcc -I. -I/usr/include -I/usr/include/ruby/backward -I/usr/include -I. -DRUBY_EXTCONF_H=\"extconf.h\" -I/usr/include    -fPIC -O2 -g -pipe -Wall -Werror=format-security -Wp,-D_FORTIFY_SOURCE=2 -Wp,-D_GLIBCXX_ASSERTIONS -fexceptions -fstack-protector-strong -grecord-gcc-switches -specs=/usr/lib/rpm/redhat/redhat-hardened-cc1 -specs=/usr/lib/rpm/redhat/redhat-annobin-cc1 -mtune=generic -fasynchronous-unwind-tables -fstack-clash-protection -fcf-protection -fPIC -m64 -o pg_text_encoder.o -c pg_text_encoder.c
gcc -I. -I/usr/include -I/usr/include/ruby/backward -I/usr/include -I. -DRUBY_EXTCONF_H=\"extconf.h\" -I/usr/include    -fPIC -O2 -g -pipe -Wall -Werror=format-security -Wp,-D_FORTIFY_SOURCE=2 -Wp,-D_GLIBCXX_ASSERTIONS -fexceptions -fstack-protector-strong -grecord-gcc-switches -specs=/usr/lib/rpm/redhat/redhat-hardened-cc1 -specs=/usr/lib/rpm/redhat/redhat-annobin-cc1 -mtune=generic -fasynchronous-unwind-tables -fstack-clash-protection -fcf-protection -fPIC -m64 -o pg_tuple.o -c pg_tuple.c
gcc -I. -I/usr/include -I/usr/include/ruby/backward -I/usr/include -I. -DRUBY_EXTCONF_H=\"extconf.h\" -I/usr/include    -fPIC -O2 -g -pipe -Wall -Werror=format-security -Wp,-D_FORTIFY_SOURCE=2 -Wp,-D_GLIBCXX_ASSERTIONS -fexceptions -fstack-protector-strong -grecord-gcc-switches -specs=/usr/lib/rpm/redhat/redhat-hardened-cc1 -specs=/usr/lib/rpm/redhat/redhat-annobin-cc1 -mtune=generic -fasynchronous-unwind-tables -fstack-clash-protection -fcf-protection -fPIC -m64 -o pg_type_map.o -c pg_type_map.c
gcc -I. -I/usr/include -I/usr/include/ruby/backward -I/usr/include -I. -DRUBY_EXTCONF_H=\"extconf.h\" -I/usr/include    -fPIC -O2 -g -pipe -Wall -Werror=format-security -Wp,-D_FORTIFY_SOURCE=2 -Wp,-D_GLIBCXX_ASSERTIONS -fexceptions -fstack-protector-strong -grecord-gcc-switches -specs=/usr/lib/rpm/redhat/redhat-hardened-cc1 -specs=/usr/lib/rpm/redhat/redhat-annobin-cc1 -mtune=generic -fasynchronous-unwind-tables -fstack-clash-protection -fcf-protection -fPIC -m64 -o pg_type_map_all_strings.o -c pg_type_map_all_strings.c
gcc -I. -I/usr/include -I/usr/include/ruby/backward -I/usr/include -I. -DRUBY_EXTCONF_H=\"extconf.h\" -I/usr/include    -fPIC -O2 -g -pipe -Wall -Werror=format-security -Wp,-D_FORTIFY_SOURCE=2 -Wp,-D_GLIBCXX_ASSERTIONS -fexceptions -fstack-protector-strong -grecord-gcc-switches -specs=/usr/lib/rpm/redhat/redhat-hardened-cc1 -specs=/usr/lib/rpm/redhat/redhat-annobin-cc1 -mtune=generic -fasynchronous-unwind-tables -fstack-clash-protection -fcf-protection -fPIC -m64 -o pg_type_map_by_class.o -c pg_type_map_by_class.c
gcc -I. -I/usr/include -I/usr/include/ruby/backward -I/usr/include -I. -DRUBY_EXTCONF_H=\"extconf.h\" -I/usr/include    -fPIC -O2 -g -pipe -Wall -Werror=format-security -Wp,-D_FORTIFY_SOURCE=2 -Wp,-D_GLIBCXX_ASSERTIONS -fexceptions -fstack-protector-strong -grecord-gcc-switches -specs=/usr/lib/rpm/redhat/redhat-hardened-cc1 -specs=/usr/lib/rpm/redhat/redhat-annobin-cc1 -mtune=generic -fasynchronous-unwind-tables -fstack-clash-protection -fcf-protection -fPIC -m64 -o pg_type_map_by_column.o -c pg_type_map_by_column.c
gcc -I. -I/usr/include -I/usr/include/ruby/backward -I/usr/include -I. -DRUBY_EXTCONF_H=\"extconf.h\" -I/usr/include    -fPIC -O2 -g -pipe -Wall -Werror=format-security -Wp,-D_FORTIFY_SOURCE=2 -Wp,-D_GLIBCXX_ASSERTIONS -fexceptions -fstack-protector-strong -grecord-gcc-switches -specs=/usr/lib/rpm/redhat/redhat-hardened-cc1 -specs=/usr/lib/rpm/redhat/redhat-annobin-cc1 -mtune=generic -fasynchronous-unwind-tables -fstack-clash-protection -fcf-protection -fPIC -m64 -o pg_type_map_by_mri_type.o -c pg_type_map_by_mri_type.c
gcc -I. -I/usr/include -I/usr/include/ruby/backward -I/usr/include -I. -DRUBY_EXTCONF_H=\"extconf.h\" -I/usr/include    -fPIC -O2 -g -pipe -Wall -Werror=format-security -Wp,-D_FORTIFY_SOURCE=2 -Wp,-D_GLIBCXX_ASSERTIONS -fexceptions -fstack-protector-strong -grecord-gcc-switches -specs=/usr/lib/rpm/redhat/redhat-hardened-cc1 -specs=/usr/lib/rpm/redhat/redhat-annobin-cc1 -mtune=generic -fasynchronous-unwind-tables -fstack-clash-protection -fcf-protection -fPIC -m64 -o pg_type_map_by_oid.o -c pg_type_map_by_oid.c
gcc -I. -I/usr/include -I/usr/include/ruby/backward -I/usr/include -I. -DRUBY_EXTCONF_H=\"extconf.h\" -I/usr/include    -fPIC -O2 -g -pipe -Wall -Werror=format-security -Wp,-D_FORTIFY_SOURCE=2 -Wp,-D_GLIBCXX_ASSERTIONS -fexceptions -fstack-protector-strong -grecord-gcc-switches -specs=/usr/lib/rpm/redhat/redhat-hardened-cc1 -specs=/usr/lib/rpm/redhat/redhat-annobin-cc1 -mtune=generic -fasynchronous-unwind-tables -fstack-clash-protection -fcf-protection -fPIC -m64 -o pg_type_map_in_ruby.o -c pg_type_map_in_ruby.c
gcc -I. -I/usr/include -I/usr/include/ruby/backward -I/usr/include -I. -DRUBY_EXTCONF_H=\"extconf.h\" -I/usr/include    -fPIC -O2 -g -pipe -Wall -Werror=format-security -Wp,-D_FORTIFY_SOURCE=2 -Wp,-D_GLIBCXX_ASSERTIONS -fexceptions -fstack-protector-strong -grecord-gcc-switches -specs=/usr/lib/rpm/redhat/redhat-hardened-cc1 -specs=/usr/lib/rpm/redhat/redhat-annobin-cc1 -mtune=generic -fasynchronous-unwind-tables -fstack-clash-protection -fcf-protection -fPIC -m64 -o pg_util.o -c pg_util.c
rm -f pg_ext.so
gcc -shared -o pg_ext.so gvl_wrappers.o pg.o pg_binary_decoder.o pg_binary_encoder.o pg_coder.o pg_connection.o pg_copy_coder.o pg_errors.o pg_record_coder.o pg_result.o pg_text_decoder.o pg_text_encoder.o pg_tuple.o pg_type_map.o pg_type_map_all_strings.o pg_type_map_by_class.o pg_type_map_by_column.o pg_type_map_by_mri_type.o pg_type_map_by_oid.o pg_type_map_in_ruby.o pg_util.o -L. -L/usr/lib64 -L/usr/lib64 -L. -Wl,-z,relro  -Wl,-z,now -specs=/usr/lib/rpm/redhat/redhat-hardened-ld -fstack-protector-strong -rdynamic -Wl,-export-dynamic -Wl,--no-as-needed -Wl,-rpath,/usr/lib64 -Wl,-z,relro  -Wl,-z,now -specs=/usr/lib/rpm/redhat/redhat-hardened-ld  -m64  -lruby -lpq  -lm   -lc

current directory: /root/BUILD/manageiq-gemset-16.1.0/gems/pg-1.5.3/ext
make DESTDIR\= install
/usr/bin/mkdir -p . ./.gem.20230912-934-kqymb2
exit > .sitearchdir.time
/usr/bin/install -c -m 0755 pg_ext.so ./.gem.20230912-934-kqymb2
/usr/bin/mkdir -p . ./.gem.20230912-934-kqymb2/pg/
exit > .sitelibdir.-.pg.time
/usr/bin/install -c -m 644 postgresql_lib_path.rb .gem.20230912-934-kqymb2/pg/
