current directory: /root/BUILD/manageiq-gemset-16.1.0/gems/bcrypt_pbkdf-1.1.0/ext/mri
/usr/bin/ruby -I /usr/share/rubygems -r ./siteconf20230912-934-b79gdw.rb extconf.rb
creating Makefile

current directory: /root/BUILD/manageiq-gemset-16.1.0/gems/bcrypt_pbkdf-1.1.0/ext/mri
make DESTDIR\= clean
rm -f 
rm -f bcrypt_pbkdf_ext.so  *.o  *.bak mkmf.log .*.time

current directory: /root/BUILD/manageiq-gemset-16.1.0/gems/bcrypt_pbkdf-1.1.0/ext/mri
make DESTDIR\=
gcc -I. -I/usr/include -I/usr/include/ruby/backward -I/usr/include -I.   -fPIC -O2 -g -pipe -Wall -Werror=format-security -Wp,-D_FORTIFY_SOURCE=2 -Wp,-D_GLIBCXX_ASSERTIONS -fexceptions -fstack-protector-strong -grecord-gcc-switches -specs=/usr/lib/rpm/redhat/redhat-hardened-cc1 -specs=/usr/lib/rpm/redhat/redhat-annobin-cc1 -mtune=generic -fasynchronous-unwind-tables -fstack-clash-protection -fcf-protection -fPIC -m64 -o bcrypt_pbkdf.o -c bcrypt_pbkdf.c
gcc -I. -I/usr/include -I/usr/include/ruby/backward -I/usr/include -I.   -fPIC -O2 -g -pipe -Wall -Werror=format-security -Wp,-D_FORTIFY_SOURCE=2 -Wp,-D_GLIBCXX_ASSERTIONS -fexceptions -fstack-protector-strong -grecord-gcc-switches -specs=/usr/lib/rpm/redhat/redhat-hardened-cc1 -specs=/usr/lib/rpm/redhat/redhat-annobin-cc1 -mtune=generic -fasynchronous-unwind-tables -fstack-clash-protection -fcf-protection -fPIC -m64 -o bcrypt_pbkdf_ext.o -c bcrypt_pbkdf_ext.c
gcc -I. -I/usr/include -I/usr/include/ruby/backward -I/usr/include -I.   -fPIC -O2 -g -pipe -Wall -Werror=format-security -Wp,-D_FORTIFY_SOURCE=2 -Wp,-D_GLIBCXX_ASSERTIONS -fexceptions -fstack-protector-strong -grecord-gcc-switches -specs=/usr/lib/rpm/redhat/redhat-hardened-cc1 -specs=/usr/lib/rpm/redhat/redhat-annobin-cc1 -mtune=generic -fasynchronous-unwind-tables -fstack-clash-protection -fcf-protection -fPIC -m64 -o blowfish.o -c blowfish.c
gcc -I. -I/usr/include -I/usr/include/ruby/backward -I/usr/include -I.   -fPIC -O2 -g -pipe -Wall -Werror=format-security -Wp,-D_FORTIFY_SOURCE=2 -Wp,-D_GLIBCXX_ASSERTIONS -fexceptions -fstack-protector-strong -grecord-gcc-switches -specs=/usr/lib/rpm/redhat/redhat-hardened-cc1 -specs=/usr/lib/rpm/redhat/redhat-annobin-cc1 -mtune=generic -fasynchronous-unwind-tables -fstack-clash-protection -fcf-protection -fPIC -m64 -o explicit_bzero.o -c explicit_bzero.c
gcc -I. -I/usr/include -I/usr/include/ruby/backward -I/usr/include -I.   -fPIC -O2 -g -pipe -Wall -Werror=format-security -Wp,-D_FORTIFY_SOURCE=2 -Wp,-D_GLIBCXX_ASSERTIONS -fexceptions -fstack-protector-strong -grecord-gcc-switches -specs=/usr/lib/rpm/redhat/redhat-hardened-cc1 -specs=/usr/lib/rpm/redhat/redhat-annobin-cc1 -mtune=generic -fasynchronous-unwind-tables -fstack-clash-protection -fcf-protection -fPIC -m64 -o hash_sha512.o -c hash_sha512.c
rm -f bcrypt_pbkdf_ext.so
gcc -shared -o bcrypt_pbkdf_ext.so bcrypt_pbkdf.o bcrypt_pbkdf_ext.o blowfish.o explicit_bzero.o hash_sha512.o -L. -L/usr/lib64 -L. -Wl,-z,relro  -Wl,-z,now -specs=/usr/lib/rpm/redhat/redhat-hardened-ld -fstack-protector-strong -rdynamic -Wl,-export-dynamic -Wl,--no-as-needed -Wl,-z,relro  -Wl,-z,now -specs=/usr/lib/rpm/redhat/redhat-hardened-ld  -m64  -lruby  -lm   -lc

current directory: /root/BUILD/manageiq-gemset-16.1.0/gems/bcrypt_pbkdf-1.1.0/ext/mri
make DESTDIR\= install
/usr/bin/mkdir -p . ./.gem.20230912-934-8ryr76
exit > .sitearchdir.time
/usr/bin/install -c -m 0755 bcrypt_pbkdf_ext.so ./.gem.20230912-934-8ryr76
